<?xml version="1.0" encoding="UTF-8"?>
<!-- Generated by org.testng.reporters.JUnitReportReporter -->
<testsuite skipped="0" hostname="Waynes-MacBook-Pro-2.local" name="TestNG.wordpress_site" tests="2" failures="0" timestamp="16 Mar 2017 10:19:15 GMT" time="17.831" errors="0">
  <testcase name="WP_01_Login" time="5.662" classname="TestNG.wordpress_site"/>
  <testcase name="WP_02_Add_Post" time="12.169" classname="TestNG.wordpress_site"/>
</testsuite> <!-- TestNG.wordpress_site -->
